<?xml version="1.0" encoding="UTF-8"?>
<!-- Generated by org.testng.reporters.JUnitReportReporter -->
<testsuite hostname="LAPTOP-CURMODMT" failures="0" tests="3" name="org.homepage.Signinvalidations" time="8.131" errors="0" timestamp="2023-01-07T16:33:45 IST" skipped="2">
  <testcase classname="org.homepage.Signinvalidations" name="m3" time="8.131"/>
  <system-out/>
  <testcase classname="org.homepage.Signinvalidations" name="m2">
    <skipped/>
  </testcase> <!-- m2 -->
  <system-out/>
  <testcase classname="org.homepage.Signinvalidations" name="m1">
    <skipped/>
  </testcase> <!-- m1 -->
  <system-out/>
</testsuite> <!-- org.homepage.Signinvalidations -->
