<?xml version="1.0" encoding="UTF-8"?>
<!-- Generated by org.testng.reporters.JUnitReportReporter -->
<testsuite hostname="LAPTOP-CURMODMT" failures="0" tests="3" name="org.homepage.Header" time="10.825" errors="0" timestamp="2023-01-06T12:27:33 IST" skipped="1">
  <testcase classname="org.homepage.Header" name="notifications" time="2.158"/>
  <system-out/>
  <testcase classname="org.homepage.Header" name="profile" time="8.667"/>
  <system-out/>
  <testcase classname="org.homepage.Header" name="messages">
    <skipped/>
  </testcase> <!-- messages -->
  <system-out/>
</testsuite> <!-- org.homepage.Header -->
