<?xml version="1.0" encoding="UTF-8"?>
<!-- Generated by org.testng.reporters.JUnitReportReporter -->
<testsuite hostname="LAPTOP-CURMODMT" failures="0" tests="2" name="org.homepage.Sideheader" time="7.812" errors="0" timestamp="2023-01-06T10:54:48 IST" skipped="0">
  <testcase classname="org.homepage.Sideheader" name="explore" time="7.596"/>
  <system-out/>
  <testcase classname="org.homepage.Sideheader" name="bookmark" time="0.216"/>
  <system-out/>
</testsuite> <!-- org.homepage.Sideheader -->
