<?xml version="1.0" encoding="UTF-8"?>
<!-- Generated by org.testng.reporters.JUnitReportReporter -->
<testsuite hostname="LAPTOP-CURMODMT" failures="0" tests="5" name="org.homepage.Signup" time="8.614" errors="0" timestamp="2023-01-07T12:05:44 IST" skipped="4">
  <testcase classname="org.homepage.Signup" name="pswdmismatch" time="8.614"/>
  <system-out/>
  <testcase classname="org.homepage.Signup" name="invalidusername">
    <skipped/>
  </testcase> <!-- invalidusername -->
  <system-out/>
  <testcase classname="org.homepage.Signup" name="signupsuccess">
    <skipped/>
  </testcase> <!-- signupsuccess -->
  <system-out/>
  <testcase classname="org.homepage.Signup" name="usernamerepeat">
    <skipped/>
  </testcase> <!-- usernamerepeat -->
  <system-out/>
  <testcase classname="org.homepage.Signup" name="signup">
    <skipped/>
  </testcase> <!-- signup -->
  <system-out/>
</testsuite> <!-- org.homepage.Signup -->
