<?xml version="1.0" encoding="UTF-8"?>
<!-- Generated by org.testng.reporters.JUnitReportReporter -->
<testsuite hostname="LAPTOP-CURMODMT" failures="0" tests="6" name="org.homepage.Creation" time="57.445" errors="0" timestamp="2023-01-06T12:40:26 IST" skipped="5">
  <testcase classname="org.homepage.Creation" name="event" time="57.445"/>
  <system-out/>
  <testcase classname="org.homepage.Creation" name="poll">
    <skipped/>
  </testcase> <!-- poll -->
  <system-out/>
  <testcase classname="org.homepage.Creation" name="createchannel">
    <skipped/>
  </testcase> <!-- createchannel -->
  <system-out/>
  <testcase classname="org.homepage.Creation" name="createnewsletter">
    <skipped/>
  </testcase> <!-- createnewsletter -->
  <system-out/>
  <testcase classname="org.homepage.Creation" name="createnotes">
    <skipped/>
  </testcase> <!-- createnotes -->
  <system-out/>
  <testcase classname="org.homepage.Creation" name="post">
    <skipped/>
  </testcase> <!-- post -->
  <system-out/>
</testsuite> <!-- org.homepage.Creation -->
