<?xml version="1.0" encoding="UTF-8"?>
<!-- Generated by org.testng.reporters.JUnitReportReporter -->
<testsuite hostname="LAPTOP-CURMODMT" failures="0" tests="2" name="org.homepage.Withoutlogin" time="14.816" errors="0" timestamp="2023-01-07T17:11:22 IST" skipped="1">
  <testcase classname="org.homepage.Withoutlogin" name="m2" time="14.816"/>
  <system-out/>
  <testcase classname="org.homepage.Withoutlogin" name="m1">
    <skipped/>
  </testcase> <!-- m1 -->
  <system-out/>
</testsuite> <!-- org.homepage.Withoutlogin -->
